simpledms-android-v1.0.0/source/app/build/outputs/mapping/release/seeds.txt
androidx.appcompat.widget.FitWindowsLinearLayout
androidx.appcompat.widget.AlertDialogLayout
app.simpledms.my.DelegationService
androidx.lifecycle.SavedStateHandleAttacher
androidx.emoji2.text.EmojiCompatInitializer
androidx.lifecycle.CompositeGeneratedAdaptersObserver
android.support.v4.graphics.drawable.IconCompatParcelizer
androidx.fragment.app.Fragment$6
androidx.appcompat.view.menu.ListMenuItemView
androidx.lifecycle.LiveData$LifecycleBoundObserver
androidx.appcompat.widget.ActionBarContainer
androidx.lifecycle.ProcessLifecycleOwner$attach$1
androidx.lifecycle.SavedStateHandleController
androidx.annotation.Keep
androidx.fragment.app.FragmentManager$6
androidx.lifecycle.LifecycleDispatcher$DispatcherActivityCallback
androidx.appcompat.widget.SearchView$SearchAutoComplete
androidx.appcompat.widget.ContentFrameLayout
androidx.startup.InitializationProvider
androidx.appcompat.widget.ViewStubCompat
com.google.androidbrowserhelper.trusted.FocusActivity
androidx.lifecycle.LegacySavedStateHandleController$tryToAddRecreator$1
androidx.appcompat.widget.Toolbar
app.simpledms.my.LauncherActivity
androidx.lifecycle.DefaultLifecycleObserverAdapter
androidx.lifecycle.ReflectiveGenericLifecycleObserver
androidx.appcompat.widget.FitWindowsFrameLayout
androidx.lifecycle.ReportFragment
androidx.appcompat.view.menu.ActionMenuItemView
androidx.lifecycle.ProcessLifecycleInitializer
androidx.core.app.CoreComponentFactory
androidx.profileinstaller.ProfileInstallerInitializer
androidx.lifecycle.SingleGeneratedAdapterObserver
androidx.emoji2.text.EmojiCompatInitializer$1
androidx.versionedparcelable.CustomVersionedParcelable
androidx.lifecycle.ProcessLifecycleOwner$attach$1$onActivityPreCreated$1
androidx.appcompat.widget.ActionBarContextView
androidx.appcompat.view.menu.ExpandedMenuView
androidx.core.widget.NestedScrollView
com.google.androidbrowserhelper.trusted.WebViewFallbackActivity
com.google.androidbrowserhelper.trusted.ManageDataLauncherActivity
com.google.androidbrowserhelper.trusted.NotificationPermissionRequestActivity
androidx.core.app.RemoteActionCompat
androidx.appcompat.widget.ButtonBarLayout
androidx.versionedparcelable.ParcelImpl
androidx.browser.browseractions.BrowserActionsFallbackMenuView
androidx.activity.ComponentActivity$4
androidx.profileinstaller.ProfileInstallReceiver
androidx.appcompat.widget.DialogTitle
androidx.savedstate.Recreator
androidx.activity.OnBackPressedDispatcher$LifecycleOnBackPressedCancellable
androidx.appcompat.widget.ActionMenuView
androidx.appcompat.widget.ActivityChooserView$InnerLayout
androidx.core.graphics.drawable.IconCompatParcelizer
androidx.lifecycle.LegacySavedStateHandleController$OnRecreation
androidx.core.app.RemoteActionCompatParcelizer
androidx.activity.ImmLeaksCleaner
androidx.core.graphics.drawable.IconCompat
androidx.lifecycle.ReportFragment$LifecycleCallbacks
androidx.core.content.FileProvider
androidx.appcompat.app.AlertController$RecycleListView
androidx.appcompat.widget.ActionBarOverlayLayout
app.simpledms.my.Application
androidx.lifecycle.LifecycleCoroutineScopeImpl
android.support.v4.app.RemoteActionCompatParcelizer
androidx.customview.view.AbsSavedState: android.os.Parcelable$Creator CREATOR
androidx.lifecycle.Lifecycle$Event: androidx.lifecycle.Lifecycle$Event ON_ANY
androidx.lifecycle.Lifecycle$Event: androidx.lifecycle.Lifecycle$Event ON_DESTROY
androidx.lifecycle.Lifecycle$Event: androidx.lifecycle.Lifecycle$Event ON_STOP
androidx.lifecycle.Lifecycle$Event: androidx.lifecycle.Lifecycle$Event[] $VALUES
androidx.lifecycle.ProcessLifecycleOwner$attach$1: androidx.lifecycle.ProcessLifecycleOwner this$0
androidx.concurrent.futures.AbstractResolvableFuture: java.lang.Object value
androidx.concurrent.futures.AbstractResolvableFuture$Waiter: androidx.concurrent.futures.AbstractResolvableFuture$Waiter next
androidx.appcompat.widget.Toolbar$SavedState: android.os.Parcelable$Creator CREATOR
androidx.concurrent.futures.AbstractResolvableFuture$Waiter: java.lang.Thread thread