simpledms-android-v1.0.0/source/app/build/outputs/mapping/release/mapping.txt
# compiler: R8
# compiler_version: 8.9.32
# min_api: 23
# common_typos_disable
# {"id":"com.android.tools.r8.mapping","version":"2.2"}
# pg_map_id: 0eb4353
# pg_map_hash: SHA-256 0eb435345ad5ee0dc5e54d0aa1edf000071edb5e226ee130e1ac232207a33bc0
...
androidx.lifecycle.Lifecycle -> androidx.lifecycle.f:
# {"id":"sourceFile","fileName":"Lifecycle.kt"}
    java.util.concurrent.atomic.AtomicReference internalScopeRef -> a
    1:3:void <init>():48:48 -> <init>
    4:11:void <init>():55:55 -> <init>
    void addObserver(androidx.lifecycle.LifecycleObserver) -> a
      # {"id":"com.android.tools.r8.residualsignature","signature":"(Landroidx/lifecycle/j;)V"}
    androidx.lifecycle.Lifecycle$State getCurrentState() -> b
      # {"id":"com.android.tools.r8.residualsignature","signature":"()Landroidx/lifecycle/f$b;"}
    void removeObserver(androidx.lifecycle.LifecycleObserver) -> c
      # {"id":"com.android.tools.r8.residualsignature","signature":"(Landroidx/lifecycle/j;)V"}
androidx.lifecycle.Lifecycle$Event -> androidx.lifecycle.f$a:
# {"id":"sourceFile","fileName":"Lifecycle.kt"}
    androidx.lifecycle.Lifecycle$Event[] $VALUES -> $VALUES
      # {"id":"com.android.tools.r8.residualsignature","signature":"[Landroidx/lifecycle/f$a;"}
    androidx.lifecycle.Lifecycle$Event$Companion Companion -> Companion
      # {"id":"com.android.tools.r8.residualsignature","signature":"Landroidx/lifecycle/f$a$a;"}
    androidx.lifecycle.Lifecycle$Event ON_ANY -> ON_ANY
      # {"id":"com.android.tools.r8.residualsignature","signature":"Landroidx/lifecycle/f$a;"}
    androidx.lifecycle.Lifecycle$Event ON_CREATE -> ON_CREATE
      # {"id":"com.android.tools.r8.residualsignature","signature":"Landroidx/lifecycle/f$a;"}
    androidx.lifecycle.Lifecycle$Event ON_DESTROY -> ON_DESTROY
      # {"id":"com.android.tools.r8.residualsignature","signature":"Landroidx/lifecycle/f$a;"}
    androidx.lifecycle.Lifecycle$Event ON_PAUSE -> ON_PAUSE
      # {"id":"com.android.tools.r8.residualsignature","signature":"Landroidx/lifecycle/f$a;"}
    androidx.lifecycle.Lifecycle$Event ON_RESUME -> ON_RESUME
      # {"id":"com.android.tools.r8.residualsignature","signature":"Landroidx/lifecycle/f$a;"}
    androidx.lifecycle.Lifecycle$Event ON_START -> ON_START
      # {"id":"com.android.tools.r8.residualsignature","signature":"Landroidx/lifecycle/f$a;"}
    androidx.lifecycle.Lifecycle$Event ON_STOP -> ON_STOP
androidx.lifecycle.Lifecycle$Event$Companion -> androidx.lifecycle.f$a$a:
# {"id":"sourceFile","fileName":"Lifecycle.kt"}
    1:1:void <init>(kotlin.jvm.internal.DefaultConstructorMarker):0:0 -> <init>
      # {"id":"com.android.tools.r8.residualsignature","signature":"(LS/b;)V"}
    2:2:void <init>():151:151 -> <init>
    6:24:androidx.lifecycle.Lifecycle$Event downFrom(androidx.lifecycle.Lifecycle$State):162:162 -> a
      # {"id":"com.android.tools.r8.residualsignature","signature":"(Landroidx/lifecycle/f$b;)Landroidx/lifecycle/f$a;"}
    25:27:androidx.lifecycle.Lifecycle$Event downFrom(androidx.lifecycle.Lifecycle$State):165:165 -> a
    28:30:androidx.lifecycle.Lifecycle$Event downFrom(androidx.lifecycle.Lifecycle$State):164:164 -> a
    31:33:androidx.lifecycle.Lifecycle$Event downFrom(androidx.lifecycle.Lifecycle$State):163:163 -> a
    6:24:androidx.lifecycle.Lifecycle$Event upFrom(androidx.lifecycle.Lifecycle$State):198:198 -> b
      # {"id":"com.android.tools.r8.residualsignature","signature":"(Landroidx/lifecycle/f$b;)Landroidx/lifecycle/f$a;"}
    25:27:androidx.lifecycle.Lifecycle$Event upFrom(androidx.lifecycle.Lifecycle$State):199:199 -> b
    28:30:androidx.lifecycle.Lifecycle$Event upFrom(androidx.lifecycle.Lifecycle$State):201:201 -> b
    31:33:androidx.lifecycle.Lifecycle$Event upFrom(androidx.lifecycle.Lifecycle$State):200:200 -> b
androidx.lifecycle.Lifecycle$Event$Companion$WhenMappings -> androidx.lifecycle.f$a$a$a:
# {"id":"sourceFile","fileName":"Lifecycle.kt"}
    int[] $EnumSwitchMapping$0 -> a
androidx.lifecycle.Lifecycle$Event$WhenMappings -> androidx.lifecycle.f$a$b:
# {"id":"sourceFile","fileName":"Lifecycle.kt"}
    int[] $EnumSwitchMapping$0 -> a